Mono path[0] = 'D:/Steam/steamapps/common/RimWorld/RimWorldWin64_Data/Managed'
Mono config path = 'D:/Steam/steamapps/common/RimWorld/MonoBleedingEdge/etc'
Initialize engine version: 2019.4.30f1 (e8c891080a1f)
[Subsystems] Discovering subsystems at path D:/Steam/steamapps/common/RimWorld/RimWorldWin64_Data/UnitySubsystems
GfxDevice: creating device client; threaded=1
Direct3D:
    Version:  Direct3D 11.0 [level 11.1]
    Renderer: NVIDIA GeForce GTX 1060 3GB (ID=0x1c02)
    Vendor:   
    VRAM:     2979 MB
    Driver:   31.0.15.3623
Begin MonoManager ReloadAssembly
- Completed reload, in  0.186 seconds
<RI> Initializing input.
<RI> Input initialized.
<RI> Initialized touch support.
UnloadTime: 1.636800 ms
RimWorld 1.5.4069 rev95
Tried loading mod with the same packageId multiple times: void.charactereditor. Ignoring the duplicates.
D:\Steam\steamapps\workshop\content\294100\3211700981
D:\Steam\steamapps\workshop\content\294100\1874644848 
(Filename: C:\buildslave\unity\build\Runtime/Export/Debug/Debug.bindings.h Line: 39)

Tried loading mod with the same packageId multiple times: void.charactereditor. Ignoring the duplicates.
D:\Steam\steamapps\workshop\content\294100\3211700981
D:\Steam\steamapps\workshop\content\294100\1874644848 
(Filename: C:\buildslave\unity\build\Runtime/Export/Debug/Debug.bindings.h Line: 39)

Fallback handler could not load library D:/Steam/steamapps/common/RimWorld/RimWorldWin64_Data/Mono/data-000001F550A9A050.dll
Fallback handler could not load library D:/Steam/steamapps/common/RimWorld/RimWorldWin64_Data/Mono/data-000001F550F3B0F0.dll
[5/1/2024 5:46:39 PM] [BetterLoading] Verifying all mods loaded properly...
[BetterLoading] Read tip cache of 89 tips from config.
[BetterLoading] Injecting into main UI.
[BetterLoading] Injected into main UI.
[BetterLoading] Finished stage Initializing Mods at 5:46:40 PM.
[BetterLoading] HugsLib detected, adding HugsLib support.
[BetterLoading:HugsLib Compat] Resolved required HugsLib types as follows: Controller: HugsLib.HugsLibController / Mod Identifier (Property): ModIdentifier
[HugsLib] version 11.0.3
[BetterLoading:HugsLib Compat] Successfully blind-patched HugsLib.
[BetterLoading] Starting stage Reading Mod Content Files.
[BetterLoading:HugsLib Compat] HugsLib has enumerated child mods, it has found 0 of them.
[BetterLoading] Finished stage Reading Mod Content Files at 5:46:41 PM.
[BetterLoading] Starting stage Injecting Mod XML.
[BetterLoading] [Enhanced XML Load] Loaded 996 loadable assets.
[BetterLoading] Finished stage Injecting Mod XML at 5:46:41 PM.
[BetterLoading] Starting stage Applying Patches.
[BetterLoading] Finished stage Applying Patches at 5:46:41 PM.
[BetterLoading] Starting stage Registering Defs.
XML error: Could not find parent node named "BaseBodyPartEmpire_TierA" for node "ResearchProjectDef". Full node: <ResearchProjectDef ParentName="BaseBodyPartEmpire_TierA" MayRequire="ludeon.rimworld.royalty"><defName>I_BasicImplants</defName><label>basic implants</label><description>Craft specialised implants built for specific purposes.</description><requiredResearchBuilding>HiTechResearchBench</requiredResearchBuilding><prerequisites><li>MicroelectronicsBasics</li></prerequisites><hiddenPrerequisites><li>Prosthetics</li></hiddenPrerequisites><researchViewX>12.00</researchViewX><researchViewY>5.10</researchViewY><generalRules><rulesStrings><li>subject-&gt;basic implants</li><li>subject_story-&gt;survived a vicious nuclear winter only due to their implanted internal climate control</li><li>subject_story-&gt;was chased off by a squad of ancient soldiers who woke much faster than expected, due to their cryptowake implants</li><li>subject_story-&gt;fought alongside a rebel cyborg who picked up an entire hover-fighter</li><li>subject_gerund-&gt;crafting implants</li></rulesStrings></generalRules></ResearchProjectDef> 
(Filename: C:\buildslave\unity\build\Runtime/Export/Debug/Debug.bindings.h Line: 39)

[BetterLoading] Finished stage Registering Defs at 5:46:41 PM.
[BetterLoading] Starting stage Constructing Defs.
[BetterLoading] Finished stage Constructing Defs at 5:46:53 PM.
[BetterLoading] Starting stage Reloading Def Databases.
Could not resolve cross-reference: No Verse.ResearchProjectDef named I_ExtraArms found to give to Verse.RecipeDef InstallLeftExtraArchotechArm 
(Filename: C:\buildslave\unity\build\Runtime/Export/Debug/Debug.bindings.h Line: 39)

Could not resolve cross-reference: No Verse.ResearchProjectDef named I_ExtraArms found to give to Verse.RecipeDef InstallRightExtraArchotechArm 
(Filename: C:\buildslave\unity\build\Runtime/Export/Debug/Debug.bindings.h Line: 39)

Could not resolve cross-reference: No Verse.ResearchProjectDef named I_ExtraArms found to give to Verse.RecipeDef InstallLeftExtraBionicArm 
(Filename: C:\buildslave\unity\build\Runtime/Export/Debug/Debug.bindings.h Line: 39)

Could not resolve cross-reference: No Verse.ResearchProjectDef named I_ExtraArms found to give to Verse.RecipeDef InstallRightExtraBionicArm 
(Filename: C:\buildslave\unity\build\Runtime/Export/Debug/Debug.bindings.h Line: 39)

Could not resolve cross-reference: No Verse.ResearchProjectDef named I_ExtraArms found to give to Verse.RecipeDef InstallLeftExtraPowerClaw 
(Filename: C:\buildslave\unity\build\Runtime/Export/Debug/Debug.bindings.h Line: 39)

Could not resolve cross-reference: No Verse.ResearchProjectDef named I_ExtraArms found to give to Verse.RecipeDef InstallRightExtraPowerClaw 
(Filename: C:\buildslave\unity\build\Runtime/Export/Debug/Debug.bindings.h Line: 39)

Could not resolve cross-reference to Verse.ThingDef named DrillArm (wanter=thingDefs) 
(Filename: C:\buildslave\unity\build\Runtime/Export/Debug/Debug.bindings.h Line: 39)

Could not resolve cross-reference to Verse.ThingDef named DrillArm (wanter=thingDefs) 
(Filename: C:\buildslave\unity\build\Runtime/Export/Debug/Debug.bindings.h Line: 39)

Could not resolve cross-reference: No Verse.ThingDef named DrillArm found to give to Verse.DefHyperlink Verse.DefHyperlink 
(Filename: C:\buildslave\unity\build\Runtime/Export/Debug/Debug.bindings.h Line: 39)

Could not resolve cross-reference: No Verse.HediffDef named LeftExtraDrillArm found to give to Verse.DefHyperlink Verse.DefHyperlink 
(Filename: C:\buildslave\unity\build\Runtime/Export/Debug/Debug.bindings.h Line: 39)

Could not resolve cross-reference: No Verse.HediffDef named LeftExtraDrillArm found to give to Verse.RecipeDef InstallLeftExtraDrillArm 
(Filename: C:\buildslave\unity\build\Runtime/Export/Debug/Debug.bindings.h Line: 39)

Could not resolve cross-reference: No Verse.ResearchProjectDef named I_ExtraArms found to give to Verse.RecipeDef InstallLeftExtraDrillArm 
(Filename: C:\buildslave\unity\build\Runtime/Export/Debug/Debug.bindings.h Line: 39)

Could not resolve cross-reference: No Verse.ThingDef named DrillArm found to give to Verse.DefHyperlink Verse.DefHyperlink 
(Filename: C:\buildslave\unity\build\Runtime/Export/Debug/Debug.bindings.h Line: 39)

Could not resolve cross-reference: No Verse.HediffDef named LeftExtraDrillArm found to give to Verse.DefHyperlink Verse.DefHyperlink 
(Filename: C:\buildslave\unity\build\Runtime/Export/Debug/Debug.bindings.h Line: 39)

Could not resolve cross-reference: No Verse.HediffDef named LeftExtraDrillArm found to give to Verse.RecipeDef RemoveLeftExtraDrillArm 
(Filename: C:\buildslave\unity\build\Runtime/Export/Debug/Debug.bindings.h Line: 39)

Could not resolve cross-reference to Verse.ThingDef named DrillArm (wanter=thingDefs) 
(Filename: C:\buildslave\unity\build\Runtime/Export/Debug/Debug.bindings.h Line: 39)

Could not resolve cross-reference to Verse.ThingDef named DrillArm (wanter=thingDefs) 
(Filename: C:\buildslave\unity\build\Runtime/Export/Debug/Debug.bindings.h Line: 39)

Could not resolve cross-reference: No Verse.ThingDef named DrillArm found to give to Verse.DefHyperlink Verse.DefHyperlink 
(Filename: C:\buildslave\unity\build\Runtime/Export/Debug/Debug.bindings.h Line: 39)

Could not resolve cross-reference: No Verse.HediffDef named RightExtraDrillArm found to give to Verse.DefHyperlink Verse.DefHyperlink 
(Filename: C:\buildslave\unity\build\Runtime/Export/Debug/Debug.bindings.h Line: 39)

Could not resolve cross-reference: No Verse.HediffDef named RightExtraDrillArm found to give to Verse.RecipeDef InstallRightExtraDrillArm 
(Filename: C:\buildslave\unity\build\Runtime/Export/Debug/Debug.bindings.h Line: 39)

Could not resolve cross-reference: No Verse.ResearchProjectDef named I_ExtraArms found to give to Verse.RecipeDef InstallRightExtraDrillArm 
(Filename: C:\buildslave\unity\build\Runtime/Export/Debug/Debug.bindings.h Line: 39)

Could not resolve cross-reference: No Verse.ThingDef named DrillArm found to give to Verse.DefHyperlink Verse.DefHyperlink 
(Filename: C:\buildslave\unity\build\Runtime/Export/Debug/Debug.bindings.h Line: 39)

Could not resolve cross-reference: No Verse.HediffDef named RightExtraDrillArm found to give to Verse.DefHyperlink Verse.DefHyperlink 
(Filename: C:\buildslave\unity\build\Runtime/Export/Debug/Debug.bindings.h Line: 39)

Could not resolve cross-reference: No Verse.HediffDef named RightExtraDrillArm found to give to Verse.RecipeDef RemoveRightExtraDrillArm 
(Filename: C:\buildslave\unity\build\Runtime/Export/Debug/Debug.bindings.h Line: 39)

Could not resolve cross-reference to Verse.ThingDef named FieldHand (wanter=thingDefs) 
(Filename: C:\buildslave\unity\build\Runtime/Export/Debug/Debug.bindings.h Line: 39)

Could not resolve cross-reference to Verse.ThingDef named FieldHand (wanter=thingDefs) 
(Filename: C:\buildslave\unity\build\Runtime/Export/Debug/Debug.bindings.h Line: 39)

Could not resolve cross-reference: No Verse.ThingDef named FieldHand found to give to Verse.DefHyperlink Verse.DefHyperlink 
(Filename: C:\buildslave\unity\build\Runtime/Export/Debug/Debug.bindings.h Line: 39)

Could not resolve cross-reference: No Verse.HediffDef named LeftExtraFieldHand found to give to Verse.DefHyperlink Verse.DefHyperlink 
(Filename: C:\buildslave\unity\build\Runtime/Export/Debug/Debug.bindings.h Line: 39)

Could not resolve cross-reference: No Verse.HediffDef named LeftExtraFieldHand found to give to Verse.RecipeDef InstallLeftExtraFieldHand 
(Filename: C:\buildslave\unity\build\Runtime/Export/Debug/Debug.bindings.h Line: 39)

Could not resolve cross-reference: No Verse.ResearchProjectDef named I_ExtraArms found to give to Verse.RecipeDef InstallLeftExtraFieldHand 
(Filename: C:\buildslave\unity\build\Runtime/Export/Debug/Debug.bindings.h Line: 39)

Could not resolve cross-reference: No Verse.ThingDef named FieldHand found to give to Verse.DefHyperlink Verse.DefHyperlink 
(Filename: C:\buildslave\unity\build\Runtime/Export/Debug/Debug.bindings.h Line: 39)

Could not resolve cross-reference: No Verse.HediffDef named LeftExtraFieldHand found to give to Verse.DefHyperlink Verse.DefHyperlink 
(Filename: C:\buildslave\unity\build\Runtime/Export/Debug/Debug.bindings.h Line: 39)

Could not resolve cross-reference: No Verse.HediffDef named LeftExtraFieldHand found to give to Verse.RecipeDef RemoveLeftExtraFieldHand 
(Filename: C:\buildslave\unity\build\Runtime/Export/Debug/Debug.bindings.h Line: 39)

Could not resolve cross-reference to Verse.ThingDef named FieldHand (wanter=thingDefs) 
(Filename: C:\buildslave\unity\build\Runtime/Export/Debug/Debug.bindings.h Line: 39)

Could not resolve cross-reference to Verse.ThingDef named FieldHand (wanter=thingDefs) 
(Filename: C:\buildslave\unity\build\Runtime/Export/Debug/Debug.bindings.h Line: 39)

Could not resolve cross-reference: No Verse.ThingDef named FieldHand found to give to Verse.DefHyperlink Verse.DefHyperlink 
(Filename: C:\buildslave\unity\build\Runtime/Export/Debug/Debug.bindings.h Line: 39)

Could not resolve cross-reference: No Verse.HediffDef named RightExtraFieldHand found to give to Verse.DefHyperlink Verse.DefHyperlink 
(Filename: C:\buildslave\unity\build\Runtime/Export/Debug/Debug.bindings.h Line: 39)

Could not resolve cross-reference: No Verse.HediffDef named RightExtraFieldHand found to give to Verse.RecipeDef InstallRightExtraFieldHand 
(Filename: C:\buildslave\unity\build\Runtime/Export/Debug/Debug.bindings.h Line: 39)

Could not resolve cross-reference: No Verse.ResearchProjectDef named I_ExtraArms found to give to Verse.RecipeDef InstallRightExtraFieldHand 
(Filename: C:\buildslave\unity\build\Runtime/Export/Debug/Debug.bindings.h Line: 39)

Could not resolve cross-reference: No Verse.ThingDef named FieldHand found to give to Verse.DefHyperlink Verse.DefHyperlink 
(Filename: C:\buildslave\unity\build\Runtime/Export/Debug/Debug.bindings.h Line: 39)

Could not resolve cross-reference: No Verse.HediffDef named RightExtraFieldHand found to give to Verse.DefHyperlink Verse.DefHyperlink 
(Filename: C:\buildslave\unity\build\Runtime/Export/Debug/Debug.bindings.h Line: 39)

Could not resolve cross-reference: No Verse.HediffDef named RightExtraFieldHand found to give to Verse.RecipeDef RemoveRightExtraFieldHand 
(Filename: C:\buildslave\unity\build\Runtime/Export/Debug/Debug.bindings.h Line: 39)

[BetterLoading] Finished stage Reloading Def Databases at 5:46:54 PM.
[BetterLoading] Tips should now be available. Showing...
[BetterLoading] Starting stage Running Pre-Static-Constructor Long Events.
[BetterLoading] Processing 6286 post-load tasks.
[BetterLoading] Obtained synclock, assuming post-load actions are complete and starting static constructors.
[BetterLoading] Starting StaticConstructAll() to run class constructors without freezing the game...
[BetterLoading] Finished stage Running Pre-Static-Constructor Long Events at 5:47:02 PM.
[BetterLoading] Starting stage Executing Static Constructors.
[BetterLoading] Finished calling static constructors at 5:47:07 PM.
[BetterLoading] Finished stage Executing Static Constructors at 5:47:12 PM.
[BetterLoading] Starting stage Running Post-Static-Constructor Long Events.
[BetterLoading] Processing 1 post-finalize tasks.
[BetterLoading] Finished stage Running Post-Static-Constructor Long Events at 5:47:13 PM.
[BetterLoading] Starting stage Initializing HugsLib.
[HugsLib] initializing MSE2
[BetterLoading:HugsLib Compat] HugsLib has enumerated child mods, it has found 1 of them.
[MSE2] Some prostheses that have not been patched were detected in mods: Core. They will default to vanilla behaviour.

<BionicJaw> from "Core": tongue
<Denture> from "Core": tongue

[MSE2] Ignoring unsupported sub-parts:
LeftExtraArchotechArm: Ribcage, Sternum, Pelvis, Spine, Stomach, Heart, Lung, Kidney, Liver, Neck, Shoulder, Waist, Leg
RightExtraArchotechArm: Ribcage, Sternum, Pelvis, Spine, Stomach, Heart, Lung, Kidney, Liver, Neck, Shoulder, Waist, Leg
LeftExtraBionicArm: Ribcage, Sternum, Pelvis, Spine, Stomach, Heart, Lung, Kidney, Liver, Neck, Shoulder, Waist, Leg
RightExtraBionicArm: Ribcage, Sternum, Pelvis, Spine, Stomach, Heart, Lung, Kidney, Liver, Neck, Shoulder, Waist, Leg
SimpleProstheticArm: Clavicle
SimpleProstheticForearm: Humerus, Radius
SimpleProstheticLeg: Femur, Tibia

Setting up 2 worker threads for Enlighten.
  Thread -> id: 2788 -> priority: 1 
  Thread -> id: 3c4c -> priority: 1 
[MSE2] Exception adding ImpliedLimbRecipeDefs: System.Threading.ThreadAbortException
[Ref 691D0010]
 at (wrapper managed-to-native) System.Object.__icall_wrapper_wb_generic(intptr)
 at (wrapper write-barrier) System.Object.wbarrier_conc(intptr)
 at System.Collections.Generic.List`1+Enumerator[T].MoveNext () [0x00023] in <eae584ce26bc40229c1b1aa476bfa589>:0 
 at MSE2.IncludedPartsUtilities+<ExceptFirst>d__11`1[T].MoveNext () [0x0008f] in <a6aa598f6f184767985913aaa1c111b7>:0 
 at MSE2.IncludedPartsUtilities+<ExceptFirst>d__11`1[T].MoveNext () [0x0008f] in <a6aa598f6f184767985913aaa1c111b7>:0 
 at MSE2.IncludedPartsUtilities+<ExceptFirst>d__11`1[T].MoveNext () [0x0008f] in <a6aa598f6f184767985913aaa1c111b7>:0 
 at MSE2.IncludedPartsUtilities+<ExceptFirst>d__11`1[T].MoveNext () [0x0008f] in <a6aa598f6f184767985913aaa1c111b7>:0 
 at System.Linq.Enumerable.Any[TSource] (System.Collections.Generic.IEnumerable`1[T] source) [0x00015] in <351e49e2a5bf4fd6beabb458ce2255f3>:0 
 at Verse.GenCollection.EnumerableNullOrEmpty[T] (System.Collections.Generic.IEnumerable`1[T] enumerable) [0x00019] in <957a20e0be784a65bc32cf449445b937>:0 
 at MSE2.IncludedPartsUtilities.EnumerableEqualsOutOfOrder[A,B] (System.Collections.Generic.IEnumerable`1[T] aEnu, System.Collections.Generic.IEnumerable`1[T] bEnu, System.Func`3[T1,T2,TResult] equalityComparer) [0x00006] in <a6aa598f6f184767985913aaa1c111b7>:0 
 at MSE2.IncludedPartsUtilities.EnumerableEqualsOutOfOrder[A,B] (System.Collections.Generic.IEnumerable`1[T] aEnu, System.Collections.Generic.IEnumerable`1[T] bEnu, System.Func`3[T1,T2,TResult] equalityComparer) [0x00062] in <a6aa598f6f184767985913aaa1c111b7>:0 
 at MSE2.IncludedPartsUtilities.EnumerableEqualsOutOfOrder[A,B] (System.Collections.Generic.IEnumerable`1[T] aEnu, System.Collections.Generic.IEnumerable`1[T] bEnu, System.Func`3[T1,T2,TResult] equalityComparer) [0x00062] in <a6aa598f6f184767985913aaa1c111b7>:0 
 at MSE2.IncludedPartsUtilities.EnumerableEqualsOutOfOrder[A,B] (System.Collections.Generic.IEnumerable`1[T] aEnu, System.Collections.Generic.IEnumerable`1[T] bEnu, System.Func`3[T1,T2,TResult] equalityComparer) [0x00062] in <a6aa598f6f184767985913aaa1c111b7>:0 
 at MSE2.IncludedPartsUtilities.EnumerableEqualsOutOfOrder[A,B] (System.Collections.Generic.IEnumerable`1[T] aEnu, System.Collections.Generic.IEnumerable`1[T] bEnu, System.Func`3[T1,T2,TResult] equalityComparer) [0x00062] in <a6aa598f6f184767985913aaa1c111b7>:0 
 at MSE2.IncludedPartsUtilities.HasSameStructure (Verse.BodyPartRecord a, Verse.BodyPartRecord b) [0x00014] in <a6aa598f6f184767985913aaa1c111b7>:0 
 at MSE2.IncludedPartsUtilities.EnumerableEqualsOutOfOrder[A,B] (System.Collections.Generic.IEnumerable`1[T] aEnu, System.Collections.Generic.IEnumerable`1[T] bEnu, System.Func`3[T1,T2,TResult] equalityComparer) [0x0004a] in <a6aa598f6f184767985913aaa1c111b7>:0 
 at MSE2.IncludedPartsUtilities.HasSameStructure (Verse.BodyPartRecord a, Verse.BodyPartRecord b) [0x00014] in <a6aa598f6f184767985913aaa1c111b7>:0 
 at MSE2.IncludedPartsUtilities.EnumerableEqualsOutOfOrder[A,B] (System.Collections.Generic.IEnumerable`1[T] aEnu, System.Collections.Generic.IEnumerable`1[T] bEnu, System.Func`3[T1,T2,TResult] equalityComparer) [0x0004a] in <a6aa598f6f184767985913aaa1c111b7>:0 
 at MSE2.IncludedPartsUtilities.EnumerableEqualsOutOfOrder[A,B] (System.Collections.Generic.IEnumerable`1[T] aEnu, System.Collections.Generic.IEnumerable`1[T] bEnu, System.Func`3[T1,T2,TResult] equalityComparer) [0x00062] in <a6aa598f6f184767985913aaa1c111b7>:0 
 at MSE2.IncludedPartsUtilities.EnumerableEqualsOutOfOrder[A,B] (System.Collections.Generic.IEnumerable`1[T] aEnu, System.Collections.Generic.IEnumerable`1[T] bEnu, System.Func`3[T1,T2,TResult] equalityComparer) [0x00062] in <a6aa598f6f184767985913aaa1c111b7>:0 
 at MSE2.IncludedPartsUtilities.EnumerableEqualsOutOfOrder[A,B] (System.Collections.Generic.IEnumerable`1[T] aEnu, System.Collections.Generic.IEnumerable`1[T] bEnu, System.Func`3[T1,T2,TResult] equalityComparer) [0x00062] in <a6aa598f6f184767985913aaa1c111b7>:0 
 at MSE2.IncludedPartsUtilities.EnumerableEqualsOutOfOrder[A,B] (System.Collections.Generic.IEnumerable`1[T] aEnu, System.Collections.Generic.IEnumerable`1[T] bEnu, System.Func`3[T1,T2,TResult] equalityComparer) [0x00062] in <a6aa598f6f184767985913aaa1c111b7>:0 
 at MSE2.IncludedPartsUtilities.EnumerableEqualsOutOfOrder[A,B] (System.Collections.Generic.IEnumerable`1[T] aEnu, System.Collections.Generic.IEnumerable`1[T] bEnu, System.Func`3[T1,T2,TResult] equalityComparer) [0x00062] in <a6aa598f6f184767985913aaa1c111b7>:0 
 at MSE2.IncludedPartsUtilities.EnumerableEqualsOutOfOrder[A,B] (System.Collections.Generic.IEnumerable`1[T] aEnu, System.Collections.Generic.IEnumerable`1[T] bEnu, System.Func`3[T1,T2,TResult] equalityComparer) [0x00062] in <a6aa598f6f184767985913aaa1c111b7>:0 
 at MSE2.IncludedPartsUtilities.EnumerableEqualsOutOfOrder[A,B] (System.Collections.Generic.IEnumerable`1[T] aEnu, System.Collections.Generic.IEnumerable`1[T] bEnu, System.Func`3[T1,T2,TResult] equalityComparer) [0x00062] in <a6aa598f6f184767985913aaa1c111b7>:0 
 at MSE2.IncludedPartsUtilities.EnumerableEqualsOutOfOrder[A,B] (System.Collections.Generic.IEnumerable`1[T] aEnu, System.Collections.Generic.IEnumerable`1[T] bEnu, System.Func`3[T1,T2,TResult] equalityComparer) [0x00062] in <a6aa598f6f184767985913aaa1c111b7>:0 
 at MSE2.IncludedPartsUtilities.EnumerableEqualsOutOfOrder[A,B] (System.Collections.Generic.IEnumerable`1[T] aEnu, System.Collections.Generic.IEnumerable`1[T] bEnu, System.Func`3[T1,T2,TResult] equalityComparer) [0x00062] in <a6aa598f6f184767985913aaa1c111b7>:0 
 at MSE2.IncludedPartsUtilities.EnumerableEqualsOutOfOrder[A,B] (System.Collections.Generic.IEnumerable`1[T] aEnu, System.Collections.Generic.IEnumerable`1[T] bEnu, System.Func`3[T1,T2,TResult] equalityComparer) [0x00062] in <a6aa598f6f184767985913aaa1c111b7>:0 
 at MSE2.IncludedPartsUtilities.HasSameStructure (Verse.BodyPartRecord a, Verse.BodyPartRecord b) [0x00014] in <a6aa598f6f184767985913aaa1c111b7>:0 
 at MSE2.LimbConfiguration.HasCompatibleStructure (Verse.BodyPartRecord bodyPartRecord) [0x00019] in <a6aa598f6f184767985913aaa1c111b7>:0 
 at MSE2.LimbConfiguration.TryAddRecord (Verse.BodyPartRecord recordToAdd) [0x00000] in <a6aa598f6f184767985913aaa1c111b7>:0 
 at <0x1f55cb44290 + 0x006b2> <unknown method>
 at MSE2.LimbConfiguration.LimbConfigForBodyPartRecord (Verse.BodyPartRecord bodyPartRecord) [0x00011] in <a6aa598f6f184767985913aaa1c111b7>:0 
 at MSE2.LimbConfiguration+<>c.<LimbConfigsMatchingBodyAndPart>b__28_1 (Verse.BodyPartRecord bpr) [0x00000] in <a6aa598f6f184767985913aaa1c111b7>:0 
 at System.Linq.Enumerable+WhereSelectListIterator`2[TSource,TResult].MoveNext () [0x00045] in <351e49e2a5bf4fd6beabb458ce2255f3>:0 
 at System.Linq.Lookup`2[TKey,TElement].Create[TSource] (System.Collections.Generic.IEnumerable`1[T] source, System.Func`2[T,TResult] keySelector, System.Func`2[T,TResult] elementSelector, System.Collections.Generic.IEqualityComparer`1[T] comparer) [0x00031] in <351e49e2a5bf4fd6beabb458ce2255f3>:0 
 at System.Linq.GroupedEnumerable`3[TSource,TKey,TElement].GetEnumerator () [0x00000] in <351e49e2a5bf4fd6beabb458ce2255f3>:0 
 at System.Linq.Enumerable+SelectEnumerableIterator`2[TSource,TResult].MoveNext () [0x00011] in <351e49e2a5bf4fd6beabb458ce2255f3>:0 
 at System.Linq.Enumerable+<SelectManyIterator>d__167`3[TSource,TCollection,TResult].MoveNext () [0x000ab] in <351e49e2a5bf4fd6beabb458ce2255f3>:0 
 at System.Linq.Set`1[TElement].UnionWith (System.Collections.Generic.IEnumerable`1[T] other) [0x00018] in <351e49e2a5bf4fd6beabb458ce2255f3>:0 
 at System.Linq.Enumerable+DistinctIterator`1[TSource].FillSet () [0x0000b] in <351e49e2a5bf4fd6beabb458ce2255f3>:0 
 at System.Linq.Enumerable+DistinctIterator`1[TSource].ToList () [0x00000] in <351e49e2a5bf4fd6beabb458ce2255f3>:0 
 at System.Linq.Enumerable.ToList[TSource] (System.Collections.Generic.IEnumerable`1[T] source) [0x0001f] in <351e49e2a5bf4fd6beabb458ce2255f3>:0 
 at MSE2.IncludedPartsUtilities.InstallationDestinations (Verse.ThingDef parentDef) [0x0012d] in <a6aa598f6f184767985913aaa1c111b7>:0 
 at MSE2.CompProperties_IncludedChildParts.get_SupportedVersions () [0x00022] in <a6aa598f6f184767985913aaa1c111b7>:0 
 at MSE2.CompProperties_IncludedChildParts.get_SegmentVersion () [0x00000] in <a6aa598f6f184767985913aaa1c111b7>:0 
 at MSE2.LimbRecipeDefGenerator+<LimbCreationDef>d__3.MoveNext () [0x000a0] in <a6aa598f6f184767985913aaa1c111b7>:0 
 at System.Linq.Enumerable+<SelectManyIterator>d__167`3[TSource,TCollection,TResult].MoveNext () [0x000ab] in <351e49e2a5bf4fd6beabb458ce2255f3>:0 
 at MSE2.LimbRecipeDefGenerator.AddExtraRecipesToDefDatabase () [0x0003e] in <a6aa598f6f184767985913aaa1c111b7>:0  
(Filename: C:\buildslave\unity\build\Runtime/Export/Debug/Debug.bindings.h Line: 39)

[MSE2] Exception caught running DefsLoaded(): System.Threading.ThreadAbortException
[Ref 8525C0BD]
 at MSE2.LimbRecipeDefGenerator.AddExtraRecipesToDefDatabase () [0x00071] in <a6aa598f6f184767985913aaa1c111b7>:0 
 at MSE2.MedicalSystemExpansion.DefsLoaded () [0x00020] in <a6aa598f6f184767985913aaa1c111b7>:0 
     - PREFIX me.samboycoding.blm: Void BetterLoading.Compat.HugsLib.StageHugsLibInit:PreDefsLoaded(Object __instance)
     - POSTFIX me.samboycoding.blm: Void BetterLoading.Compat.HugsLib.StageHugsLibInit:PostDefsLoaded() 
(Filename: C:\buildslave\unity\build\Runtime/Export/Debug/Debug.bindings.h Line: 39)

[HugsLib][ERR] MSE2 caused an exception during OnDefsLoaded: System.Threading.ThreadAbortException
[Ref 8EA21E75]
 at MSE2.MedicalSystemExpansion.DefsLoaded () [0x00062] in <a6aa598f6f184767985913aaa1c111b7>:0 
     - PREFIX me.samboycoding.blm: Void BetterLoading.Compat.HugsLib.StageHugsLibInit:PreDefsLoaded(Object __instance)
     - POSTFIX me.samboycoding.blm: Void BetterLoading.Compat.HugsLib.StageHugsLibInit:PostDefsLoaded()
 at HugsLib.HugsLibController.OnDefsLoaded () [0x0001a] in <308e19b03826471faba4b58d6de778a2>:0  
(Filename: C:\buildslave\unity\build\Runtime/Export/Debug/Debug.bindings.h Line: 39)

[HugsLib][ERR] Exception during OnDefsLoaded: System.Threading.ThreadAbortException
[Ref FD2A929A]
 at HugsLib.HugsLibController.OnDefsLoaded () [0x00045] in <308e19b03826471faba4b58d6de778a2>:0  
(Filename: C:\buildslave\unity\build\Runtime/Export/Debug/Debug.bindings.h Line: 39)

[HugsLib][ERR] Exception during HugsLib.HugsLibController.LoadReloadInitialize_Patch1: System.Threading.ThreadAbortException
[Ref A7570DF9]
 at HugsLib.HugsLibController.OnDefsLoaded () [0x00073] in <308e19b03826471faba4b58d6de778a2>:0 
 at HugsLib.HugsLibController.LoadReloadInitialize () [0x000db] in <308e19b03826471faba4b58d6de778a2>:0 
     - POSTFIX me.samboycoding.blm: Void BetterLoading.Compat.HugsLib.StageHugsLibInit:PostLRI() 
(Filename: C:\buildslave\unity\build\Runtime/Export/Debug/Debug.bindings.h Line: 39)

Exception from asynchronous event: System.Threading.ThreadAbortException
[Ref 1CCBBD69]
 at HugsLib.HugsLibController.LoadReloadInitialize () [0x00106] in <308e19b03826471faba4b58d6de778a2>:0 
     - POSTFIX me.samboycoding.blm: Void BetterLoading.Compat.HugsLib.StageHugsLibInit:PostLRI()
 at Verse.LongEventHandler.RunEventFromAnotherThread (System.Action action) [0x00008] in <957a20e0be784a65bc32cf449445b937>:0  
(Filename: C:\buildslave\unity\build\Runtime/Export/Debug/Debug.bindings.h Line: 39)

Exception was thrown while trying to handle exception. Exception: System.Threading.ThreadAbortException
[Ref CAE86446]
 at Verse.LongEventHandler.RunEventFromAnotherThread (System.Action action) [0x00044] in <957a20e0be784a65bc32cf449445b937>:0  
(Filename: C:\buildslave\unity\build\Runtime/Export/Debug/Debug.bindings.h Line: 39)

